CRITICAL - 2026-04-25 04:45:48 --> CodeIgniter\HTTP\Exceptions\BadRequestException: The URI you submitted has disallowed characters: "$"
[Method: GET, Route: frontend_dev.php/$]
in SYSTEMPATH/Router/Router.php on line 741.
 1 SYSTEMPATH/Router/Router.php(207): CodeIgniter\Router\Router->checkDisallowedChars()
 2 SYSTEMPATH/CodeIgniter.php(832): CodeIgniter\Router\Router->handle()
 3 SYSTEMPATH/CodeIgniter.php(455): CodeIgniter\CodeIgniter->tryToRouteIt()
 4 SYSTEMPATH/CodeIgniter.php(354): CodeIgniter\CodeIgniter->handleRequest()
 5 SYSTEMPATH/Boot.php(334): CodeIgniter\CodeIgniter->run()
 6 SYSTEMPATH/Boot.php(67): CodeIgniter\Boot::runCodeIgniter()
 7 FCPATH/index.php(59): CodeIgniter\Boot::bootWeb()
CRITICAL - 2026-04-25 04:48:36 --> CodeIgniter\HTTP\Exceptions\BadRequestException: The URI you submitted has disallowed characters: "..;"
[Method: GET, Route: ..;/env.dev.js]
in SYSTEMPATH/Router/Router.php on line 741.
 1 SYSTEMPATH/Router/Router.php(207): CodeIgniter\Router\Router->checkDisallowedChars()
 2 SYSTEMPATH/CodeIgniter.php(832): CodeIgniter\Router\Router->handle()
 3 SYSTEMPATH/CodeIgniter.php(455): CodeIgniter\CodeIgniter->tryToRouteIt()
 4 SYSTEMPATH/CodeIgniter.php(354): CodeIgniter\CodeIgniter->handleRequest()
 5 SYSTEMPATH/Boot.php(334): CodeIgniter\CodeIgniter->run()
 6 SYSTEMPATH/Boot.php(67): CodeIgniter\Boot::runCodeIgniter()
 7 FCPATH/index.php(59): CodeIgniter\Boot::bootWeb()
CRITICAL - 2026-04-25 04:48:51 --> CodeIgniter\HTTP\Exceptions\BadRequestException: The URI you submitted has disallowed characters: "..;"
[Method: GET, Route: ..;/env.prod.js]
in SYSTEMPATH/Router/Router.php on line 741.
 1 SYSTEMPATH/Router/Router.php(207): CodeIgniter\Router\Router->checkDisallowedChars()
 2 SYSTEMPATH/CodeIgniter.php(832): CodeIgniter\Router\Router->handle()
 3 SYSTEMPATH/CodeIgniter.php(455): CodeIgniter\CodeIgniter->tryToRouteIt()
 4 SYSTEMPATH/CodeIgniter.php(354): CodeIgniter\CodeIgniter->handleRequest()
 5 SYSTEMPATH/Boot.php(334): CodeIgniter\CodeIgniter->run()
 6 SYSTEMPATH/Boot.php(67): CodeIgniter\Boot::runCodeIgniter()
 7 FCPATH/index.php(59): CodeIgniter\Boot::bootWeb()
CRITICAL - 2026-04-25 04:48:52 --> CodeIgniter\HTTP\Exceptions\BadRequestException: The URI you submitted has disallowed characters: "..;"
[Method: GET, Route: ..;/env.production.js]
in SYSTEMPATH/Router/Router.php on line 741.
 1 SYSTEMPATH/Router/Router.php(207): CodeIgniter\Router\Router->checkDisallowedChars()
 2 SYSTEMPATH/CodeIgniter.php(832): CodeIgniter\Router\Router->handle()
 3 SYSTEMPATH/CodeIgniter.php(455): CodeIgniter\CodeIgniter->tryToRouteIt()
 4 SYSTEMPATH/CodeIgniter.php(354): CodeIgniter\CodeIgniter->handleRequest()
 5 SYSTEMPATH/Boot.php(334): CodeIgniter\CodeIgniter->run()
 6 SYSTEMPATH/Boot.php(67): CodeIgniter\Boot::runCodeIgniter()
 7 FCPATH/index.php(59): CodeIgniter\Boot::bootWeb()
CRITICAL - 2026-04-25 08:03:16 --> ErrorException: Allowed memory size of 134217728 bytes exhausted (tried to allocate 69632 bytes)
[Method: GET, Route: /]
in SYSTEMPATH/Debug/Toolbar.php on line 312.
 1 [internal function]: CodeIgniter\Debug\Exceptions->shutdownHandler()
CRITICAL - 2026-04-25 08:03:38 --> ErrorException: Allowed memory size of 134217728 bytes exhausted (tried to allocate 69632 bytes)
[Method: GET, Route: /]
in SYSTEMPATH/Debug/Toolbar.php on line 312.
 1 [internal function]: CodeIgniter\Debug\Exceptions->shutdownHandler()
CRITICAL - 2026-04-25 08:09:13 --> ErrorException: Allowed memory size of 134217728 bytes exhausted (tried to allocate 69632 bytes)
[Method: GET, Route: /]
in SYSTEMPATH/Debug/Toolbar.php on line 312.
 1 [internal function]: CodeIgniter\Debug\Exceptions->shutdownHandler()
CRITICAL - 2026-04-25 08:09:24 --> ErrorException: Undefined property: stdClass::$max_attempts
[Method: POST, Route: admin/classdiary-view/data]
in APPPATH/Views/admin/classdiary_result.php on line 272.
 1 APPPATH/Views/admin/classdiary_result.php(272): CodeIgniter\Debug\Exceptions->errorHandler()
 2 SYSTEMPATH/View/View.php(224): include('/var/www/portal4/html/app/Views/admin/classdiary_result.php')
 3 SYSTEMPATH/View/View.php(227): CodeIgniter\View\View->CodeIgniter\View\{closure}()
 4 SYSTEMPATH/Common.php(1173): CodeIgniter\View\View->render()
 5 APPPATH/Controllers/Admin/ClassdiaryView.php(400): view()
 6 SYSTEMPATH/CodeIgniter.php(933): App\Controllers\Admin\ClassdiaryView->data()
 7 SYSTEMPATH/CodeIgniter.php(507): CodeIgniter\CodeIgniter->runController()
 8 SYSTEMPATH/CodeIgniter.php(354): CodeIgniter\CodeIgniter->handleRequest()
 9 SYSTEMPATH/Boot.php(334): CodeIgniter\CodeIgniter->run()
10 SYSTEMPATH/Boot.php(67): CodeIgniter\Boot::runCodeIgniter()
11 FCPATH/index.php(59): CodeIgniter\Boot::bootWeb()
CRITICAL - 2026-04-25 08:29:39 --> ParseError: Unclosed '{' on line 1606
[Method: GET, Route: admin/classdiary-view]
in APPPATH/Config/Routes.php on line 2627.
 1 SYSTEMPATH/CodeIgniter.php(821): CodeIgniter\Router\RouteCollection->loadRoutes()
 2 SYSTEMPATH/CodeIgniter.php(455): CodeIgniter\CodeIgniter->tryToRouteIt()
 3 SYSTEMPATH/CodeIgniter.php(354): CodeIgniter\CodeIgniter->handleRequest()
 4 SYSTEMPATH/Boot.php(334): CodeIgniter\CodeIgniter->run()
 5 SYSTEMPATH/Boot.php(67): CodeIgniter\Boot::runCodeIgniter()
 6 FCPATH/index.php(59): CodeIgniter\Boot::bootWeb()
CRITICAL - 2026-04-25 08:40:00 --> TypeError: CodeIgniter\HTTP\Request::fetchGlobal(): Argument #3 ($filter) must be of type ?int, string given, called in /var/www/portal4/html/system/HTTP/IncomingRequest.php on line 714
[Method: POST, Route: admin/diary-analytics/getAnalytics]
in SYSTEMPATH/HTTP/RequestTrait.php on line 258.
 1 SYSTEMPATH/HTTP/IncomingRequest.php(714): CodeIgniter\HTTP\Request->fetchGlobal()
 2 APPPATH/Controllers/Admin/DiaryAnalytics.php(53): CodeIgniter\HTTP\IncomingRequest->getPost()
 3 SYSTEMPATH/CodeIgniter.php(933): App\Controllers\Admin\DiaryAnalytics->getAnalytics()
 4 SYSTEMPATH/CodeIgniter.php(507): CodeIgniter\CodeIgniter->runController()
 5 SYSTEMPATH/CodeIgniter.php(354): CodeIgniter\CodeIgniter->handleRequest()
 6 SYSTEMPATH/Boot.php(334): CodeIgniter\CodeIgniter->run()
 7 SYSTEMPATH/Boot.php(67): CodeIgniter\Boot::runCodeIgniter()
 8 FCPATH/index.php(59): CodeIgniter\Boot::bootWeb()
ERROR - 2026-04-25 08:43:10 --> mysqli_sql_exception: Table 'admin_timessportal_live.v_class_diary_analytics' doesn't exist in /var/www/portal4/html/system/Database/MySQLi/Connection.php:327
Stack trace:
#0 /var/www/portal4/html/system/Database/MySQLi/Connection.php(327): mysqli->query()
#1 /var/www/portal4/html/system/Database/BaseConnection.php(738): CodeIgniter\Database\MySQLi\Connection->execute()
#2 /var/www/portal4/html/system/Database/BaseConnection.php(652): CodeIgniter\Database\BaseConnection->simpleQuery()
#3 /var/www/portal4/html/system/Database/BaseBuilder.php(1649): CodeIgniter\Database\BaseConnection->query()
#4 /var/www/portal4/html/app/Controllers/Admin/DiaryAnalytics.php(322): CodeIgniter\Database\BaseBuilder->get()
#5 /var/www/portal4/html/app/Controllers/Admin/DiaryAnalytics.php(102): App\Controllers\Admin\DiaryAnalytics->getSubjectWiseAnalytics()
#6 /var/www/portal4/html/system/CodeIgniter.php(933): App\Controllers\Admin\DiaryAnalytics->getAnalytics()
#7 /var/www/portal4/html/system/CodeIgniter.php(507): CodeIgniter\CodeIgniter->runController()
#8 /var/www/portal4/html/system/CodeIgniter.php(354): CodeIgniter\CodeIgniter->handleRequest()
#9 /var/www/portal4/html/system/Boot.php(334): CodeIgniter\CodeIgniter->run()
#10 /var/www/portal4/html/system/Boot.php(67): CodeIgniter\Boot::runCodeIgniter()
#11 /var/www/portal4/html/public/index.php(59): CodeIgniter\Boot::bootWeb()
#12 {main}
CRITICAL - 2026-04-25 08:43:10 --> Error: Call to a member function getResultArray() on bool
[Method: POST, Route: admin/diary-analytics/getAnalytics]
in APPPATH/Controllers/Admin/DiaryAnalytics.php on line 323.
 1 APPPATH/Controllers/Admin/DiaryAnalytics.php(102): App\Controllers\Admin\DiaryAnalytics->getSubjectWiseAnalytics()
 2 SYSTEMPATH/CodeIgniter.php(933): App\Controllers\Admin\DiaryAnalytics->getAnalytics()
 3 SYSTEMPATH/CodeIgniter.php(507): CodeIgniter\CodeIgniter->runController()
 4 SYSTEMPATH/CodeIgniter.php(354): CodeIgniter\CodeIgniter->handleRequest()
 5 SYSTEMPATH/Boot.php(334): CodeIgniter\CodeIgniter->run()
 6 SYSTEMPATH/Boot.php(67): CodeIgniter\Boot::runCodeIgniter()
 7 FCPATH/index.php(59): CodeIgniter\Boot::bootWeb()
ERROR - 2026-04-25 08:43:22 --> mysqli_sql_exception: Table 'admin_timessportal_live.v_class_diary_analytics' doesn't exist in /var/www/portal4/html/system/Database/MySQLi/Connection.php:327
Stack trace:
#0 /var/www/portal4/html/system/Database/MySQLi/Connection.php(327): mysqli->query()
#1 /var/www/portal4/html/system/Database/BaseConnection.php(738): CodeIgniter\Database\MySQLi\Connection->execute()
#2 /var/www/portal4/html/system/Database/BaseConnection.php(652): CodeIgniter\Database\BaseConnection->simpleQuery()
#3 /var/www/portal4/html/system/Database/BaseBuilder.php(1649): CodeIgniter\Database\BaseConnection->query()
#4 /var/www/portal4/html/app/Controllers/Admin/DiaryAnalytics.php(322): CodeIgniter\Database\BaseBuilder->get()
#5 /var/www/portal4/html/app/Controllers/Admin/DiaryAnalytics.php(102): App\Controllers\Admin\DiaryAnalytics->getSubjectWiseAnalytics()
#6 /var/www/portal4/html/system/CodeIgniter.php(933): App\Controllers\Admin\DiaryAnalytics->getAnalytics()
#7 /var/www/portal4/html/system/CodeIgniter.php(507): CodeIgniter\CodeIgniter->runController()
#8 /var/www/portal4/html/system/CodeIgniter.php(354): CodeIgniter\CodeIgniter->handleRequest()
#9 /var/www/portal4/html/system/Boot.php(334): CodeIgniter\CodeIgniter->run()
#10 /var/www/portal4/html/system/Boot.php(67): CodeIgniter\Boot::runCodeIgniter()
#11 /var/www/portal4/html/public/index.php(59): CodeIgniter\Boot::bootWeb()
#12 {main}
CRITICAL - 2026-04-25 08:43:22 --> Error: Call to a member function getResultArray() on bool
[Method: POST, Route: admin/diary-analytics/getAnalytics]
in APPPATH/Controllers/Admin/DiaryAnalytics.php on line 323.
 1 APPPATH/Controllers/Admin/DiaryAnalytics.php(102): App\Controllers\Admin\DiaryAnalytics->getSubjectWiseAnalytics()
 2 SYSTEMPATH/CodeIgniter.php(933): App\Controllers\Admin\DiaryAnalytics->getAnalytics()
 3 SYSTEMPATH/CodeIgniter.php(507): CodeIgniter\CodeIgniter->runController()
 4 SYSTEMPATH/CodeIgniter.php(354): CodeIgniter\CodeIgniter->handleRequest()
 5 SYSTEMPATH/Boot.php(334): CodeIgniter\CodeIgniter->run()
 6 SYSTEMPATH/Boot.php(67): CodeIgniter\Boot::runCodeIgniter()
 7 FCPATH/index.php(59): CodeIgniter\Boot::bootWeb()
ERROR - 2026-04-25 08:43:29 --> mysqli_sql_exception: Table 'admin_timessportal_live.v_class_diary_analytics' doesn't exist in /var/www/portal4/html/system/Database/MySQLi/Connection.php:327
Stack trace:
#0 /var/www/portal4/html/system/Database/MySQLi/Connection.php(327): mysqli->query()
#1 /var/www/portal4/html/system/Database/BaseConnection.php(738): CodeIgniter\Database\MySQLi\Connection->execute()
#2 /var/www/portal4/html/system/Database/BaseConnection.php(652): CodeIgniter\Database\BaseConnection->simpleQuery()
#3 /var/www/portal4/html/system/Database/BaseBuilder.php(1649): CodeIgniter\Database\BaseConnection->query()
#4 /var/www/portal4/html/app/Controllers/Admin/DiaryAnalytics.php(322): CodeIgniter\Database\BaseBuilder->get()
#5 /var/www/portal4/html/app/Controllers/Admin/DiaryAnalytics.php(102): App\Controllers\Admin\DiaryAnalytics->getSubjectWiseAnalytics()
#6 /var/www/portal4/html/system/CodeIgniter.php(933): App\Controllers\Admin\DiaryAnalytics->getAnalytics()
#7 /var/www/portal4/html/system/CodeIgniter.php(507): CodeIgniter\CodeIgniter->runController()
#8 /var/www/portal4/html/system/CodeIgniter.php(354): CodeIgniter\CodeIgniter->handleRequest()
#9 /var/www/portal4/html/system/Boot.php(334): CodeIgniter\CodeIgniter->run()
#10 /var/www/portal4/html/system/Boot.php(67): CodeIgniter\Boot::runCodeIgniter()
#11 /var/www/portal4/html/public/index.php(59): CodeIgniter\Boot::bootWeb()
#12 {main}
CRITICAL - 2026-04-25 08:43:29 --> Error: Call to a member function getResultArray() on bool
[Method: POST, Route: admin/diary-analytics/getAnalytics]
in APPPATH/Controllers/Admin/DiaryAnalytics.php on line 323.
 1 APPPATH/Controllers/Admin/DiaryAnalytics.php(102): App\Controllers\Admin\DiaryAnalytics->getSubjectWiseAnalytics()
 2 SYSTEMPATH/CodeIgniter.php(933): App\Controllers\Admin\DiaryAnalytics->getAnalytics()
 3 SYSTEMPATH/CodeIgniter.php(507): CodeIgniter\CodeIgniter->runController()
 4 SYSTEMPATH/CodeIgniter.php(354): CodeIgniter\CodeIgniter->handleRequest()
 5 SYSTEMPATH/Boot.php(334): CodeIgniter\CodeIgniter->run()
 6 SYSTEMPATH/Boot.php(67): CodeIgniter\Boot::runCodeIgniter()
 7 FCPATH/index.php(59): CodeIgniter\Boot::bootWeb()
ERROR - 2026-04-25 08:43:41 --> mysqli_sql_exception: Table 'admin_timessportal_live.v_class_diary_analytics' doesn't exist in /var/www/portal4/html/system/Database/MySQLi/Connection.php:327
Stack trace:
#0 /var/www/portal4/html/system/Database/MySQLi/Connection.php(327): mysqli->query()
#1 /var/www/portal4/html/system/Database/BaseConnection.php(738): CodeIgniter\Database\MySQLi\Connection->execute()
#2 /var/www/portal4/html/system/Database/BaseConnection.php(652): CodeIgniter\Database\BaseConnection->simpleQuery()
#3 /var/www/portal4/html/system/Database/BaseBuilder.php(1649): CodeIgniter\Database\BaseConnection->query()
#4 /var/www/portal4/html/app/Controllers/Admin/DiaryAnalytics.php(322): CodeIgniter\Database\BaseBuilder->get()
#5 /var/www/portal4/html/app/Controllers/Admin/DiaryAnalytics.php(102): App\Controllers\Admin\DiaryAnalytics->getSubjectWiseAnalytics()
#6 /var/www/portal4/html/system/CodeIgniter.php(933): App\Controllers\Admin\DiaryAnalytics->getAnalytics()
#7 /var/www/portal4/html/system/CodeIgniter.php(507): CodeIgniter\CodeIgniter->runController()
#8 /var/www/portal4/html/system/CodeIgniter.php(354): CodeIgniter\CodeIgniter->handleRequest()
#9 /var/www/portal4/html/system/Boot.php(334): CodeIgniter\CodeIgniter->run()
#10 /var/www/portal4/html/system/Boot.php(67): CodeIgniter\Boot::runCodeIgniter()
#11 /var/www/portal4/html/public/index.php(59): CodeIgniter\Boot::bootWeb()
#12 {main}
CRITICAL - 2026-04-25 08:43:41 --> Error: Call to a member function getResultArray() on bool
[Method: POST, Route: admin/diary-analytics/getAnalytics]
in APPPATH/Controllers/Admin/DiaryAnalytics.php on line 323.
 1 APPPATH/Controllers/Admin/DiaryAnalytics.php(102): App\Controllers\Admin\DiaryAnalytics->getSubjectWiseAnalytics()
 2 SYSTEMPATH/CodeIgniter.php(933): App\Controllers\Admin\DiaryAnalytics->getAnalytics()
 3 SYSTEMPATH/CodeIgniter.php(507): CodeIgniter\CodeIgniter->runController()
 4 SYSTEMPATH/CodeIgniter.php(354): CodeIgniter\CodeIgniter->handleRequest()
 5 SYSTEMPATH/Boot.php(334): CodeIgniter\CodeIgniter->run()
 6 SYSTEMPATH/Boot.php(67): CodeIgniter\Boot::runCodeIgniter()
 7 FCPATH/index.php(59): CodeIgniter\Boot::bootWeb()
CRITICAL - 2026-04-25 08:46:18 --> ErrorException: unlink(/var/www/portal4/html/writable/debugbar/debugbar_1777088727.840857.json): No such file or directory
[Method: GET, Route: /]
in SYSTEMPATH/Debug/Toolbar/Collectors/History.php on line 82.
 1 [internal function]: CodeIgniter\Debug\Exceptions->errorHandler()
 2 SYSTEMPATH/Debug/Toolbar/Collectors/History.php(82): unlink()
 3 SYSTEMPATH/Debug/Toolbar.php(517): CodeIgniter\Debug\Toolbar\Collectors\History->setFiles()
 4 SYSTEMPATH/Debug/Toolbar.php(496): CodeIgniter\Debug\Toolbar->format()
 5 APPPATH/Config/Events.php(47): CodeIgniter\Debug\Toolbar->respond()
 6 SYSTEMPATH/Events/Events.php(155): CodeIgniter\Events\Events::Config\{closure}()
 7 SYSTEMPATH/CodeIgniter.php(339): CodeIgniter\Events\Events::trigger()
 8 SYSTEMPATH/Boot.php(334): CodeIgniter\CodeIgniter->run()
 9 SYSTEMPATH/Boot.php(67): CodeIgniter\Boot::runCodeIgniter()
10 FCPATH/index.php(59): CodeIgniter\Boot::bootWeb()
ERROR - 2026-04-25 09:42:49 --> mysqli_sql_exception: Duplicate entry '26-TSS-20-2' for key 'students.Secondry' in /var/www/portal4/html/system/Database/MySQLi/Connection.php:327
Stack trace:
#0 /var/www/portal4/html/system/Database/MySQLi/Connection.php(327): mysqli->query()
#1 /var/www/portal4/html/system/Database/BaseConnection.php(738): CodeIgniter\Database\MySQLi\Connection->execute()
#2 /var/www/portal4/html/system/Database/BaseConnection.php(652): CodeIgniter\Database\BaseConnection->simpleQuery()
#3 /var/www/portal4/html/system/Database/BaseBuilder.php(2345): CodeIgniter\Database\BaseConnection->query()
#4 /var/www/portal4/html/app/Controllers/Admin/Students.php(2638): CodeIgniter\Database\BaseBuilder->insert()
#5 /var/www/portal4/html/app/Controllers/Admin/Students.php(1651): App\Controllers\Admin\Students->handleStudentData()
#6 /var/www/portal4/html/system/CodeIgniter.php(933): App\Controllers\Admin\Students->save_admission()
#7 /var/www/portal4/html/system/CodeIgniter.php(507): CodeIgniter\CodeIgniter->runController()
#8 /var/www/portal4/html/system/CodeIgniter.php(354): CodeIgniter\CodeIgniter->handleRequest()
#9 /var/www/portal4/html/system/Boot.php(334): CodeIgniter\CodeIgniter->run()
#10 /var/www/portal4/html/system/Boot.php(67): CodeIgniter\Boot::runCodeIgniter()
#11 /var/www/portal4/html/public/index.php(59): CodeIgniter\Boot::bootWeb()
#12 {main}
ERROR - 2026-04-25 09:45:00 --> mysqli_sql_exception: Duplicate entry '26-TSS-20-2' for key 'students.Secondry' in /var/www/portal4/html/system/Database/MySQLi/Connection.php:327
Stack trace:
#0 /var/www/portal4/html/system/Database/MySQLi/Connection.php(327): mysqli->query()
#1 /var/www/portal4/html/system/Database/BaseConnection.php(738): CodeIgniter\Database\MySQLi\Connection->execute()
#2 /var/www/portal4/html/system/Database/BaseConnection.php(652): CodeIgniter\Database\BaseConnection->simpleQuery()
#3 /var/www/portal4/html/system/Database/BaseBuilder.php(2345): CodeIgniter\Database\BaseConnection->query()
#4 /var/www/portal4/html/app/Controllers/Admin/Students.php(2638): CodeIgniter\Database\BaseBuilder->insert()
#5 /var/www/portal4/html/app/Controllers/Admin/Students.php(1651): App\Controllers\Admin\Students->handleStudentData()
#6 /var/www/portal4/html/system/CodeIgniter.php(933): App\Controllers\Admin\Students->save_admission()
#7 /var/www/portal4/html/system/CodeIgniter.php(507): CodeIgniter\CodeIgniter->runController()
#8 /var/www/portal4/html/system/CodeIgniter.php(354): CodeIgniter\CodeIgniter->handleRequest()
#9 /var/www/portal4/html/system/Boot.php(334): CodeIgniter\CodeIgniter->run()
#10 /var/www/portal4/html/system/Boot.php(67): CodeIgniter\Boot::runCodeIgniter()
#11 /var/www/portal4/html/public/index.php(59): CodeIgniter\Boot::bootWeb()
#12 {main}
ERROR - 2026-04-25 09:52:15 --> mysqli_sql_exception: Duplicate entry '26-TSS-20-2' for key 'students.Secondry' in /var/www/portal4/html/system/Database/MySQLi/Connection.php:327
Stack trace:
#0 /var/www/portal4/html/system/Database/MySQLi/Connection.php(327): mysqli->query()
#1 /var/www/portal4/html/system/Database/BaseConnection.php(738): CodeIgniter\Database\MySQLi\Connection->execute()
#2 /var/www/portal4/html/system/Database/BaseConnection.php(652): CodeIgniter\Database\BaseConnection->simpleQuery()
#3 /var/www/portal4/html/system/Database/BaseBuilder.php(2345): CodeIgniter\Database\BaseConnection->query()
#4 /var/www/portal4/html/app/Controllers/Admin/Students.php(2638): CodeIgniter\Database\BaseBuilder->insert()
#5 /var/www/portal4/html/app/Controllers/Admin/Students.php(1651): App\Controllers\Admin\Students->handleStudentData()
#6 /var/www/portal4/html/system/CodeIgniter.php(933): App\Controllers\Admin\Students->save_admission()
#7 /var/www/portal4/html/system/CodeIgniter.php(507): CodeIgniter\CodeIgniter->runController()
#8 /var/www/portal4/html/system/CodeIgniter.php(354): CodeIgniter\CodeIgniter->handleRequest()
#9 /var/www/portal4/html/system/Boot.php(334): CodeIgniter\CodeIgniter->run()
#10 /var/www/portal4/html/system/Boot.php(67): CodeIgniter\Boot::runCodeIgniter()
#11 /var/www/portal4/html/public/index.php(59): CodeIgniter\Boot::bootWeb()
#12 {main}
ERROR - 2026-04-25 09:59:02 --> mysqli_sql_exception: Duplicate entry '26-TSS-20-2' for key 'students.Secondry' in /var/www/portal4/html/system/Database/MySQLi/Connection.php:327
Stack trace:
#0 /var/www/portal4/html/system/Database/MySQLi/Connection.php(327): mysqli->query()
#1 /var/www/portal4/html/system/Database/BaseConnection.php(738): CodeIgniter\Database\MySQLi\Connection->execute()
#2 /var/www/portal4/html/system/Database/BaseConnection.php(652): CodeIgniter\Database\BaseConnection->simpleQuery()
#3 /var/www/portal4/html/system/Database/BaseBuilder.php(2345): CodeIgniter\Database\BaseConnection->query()
#4 /var/www/portal4/html/app/Controllers/Admin/Students.php(2638): CodeIgniter\Database\BaseBuilder->insert()
#5 /var/www/portal4/html/app/Controllers/Admin/Students.php(1651): App\Controllers\Admin\Students->handleStudentData()
#6 /var/www/portal4/html/system/CodeIgniter.php(933): App\Controllers\Admin\Students->save_admission()
#7 /var/www/portal4/html/system/CodeIgniter.php(507): CodeIgniter\CodeIgniter->runController()
#8 /var/www/portal4/html/system/CodeIgniter.php(354): CodeIgniter\CodeIgniter->handleRequest()
#9 /var/www/portal4/html/system/Boot.php(334): CodeIgniter\CodeIgniter->run()
#10 /var/www/portal4/html/system/Boot.php(67): CodeIgniter\Boot::runCodeIgniter()
#11 /var/www/portal4/html/public/index.php(59): CodeIgniter\Boot::bootWeb()
#12 {main}
ERROR - 2026-04-25 11:30:53 --> mysqli_sql_exception: Duplicate entry '26-TSS-20-2' for key 'students.Secondry' in /var/www/portal4/html/system/Database/MySQLi/Connection.php:327
Stack trace:
#0 /var/www/portal4/html/system/Database/MySQLi/Connection.php(327): mysqli->query()
#1 /var/www/portal4/html/system/Database/BaseConnection.php(738): CodeIgniter\Database\MySQLi\Connection->execute()
#2 /var/www/portal4/html/system/Database/BaseConnection.php(652): CodeIgniter\Database\BaseConnection->simpleQuery()
#3 /var/www/portal4/html/system/Database/BaseBuilder.php(2345): CodeIgniter\Database\BaseConnection->query()
#4 /var/www/portal4/html/app/Controllers/Admin/Students.php(2638): CodeIgniter\Database\BaseBuilder->insert()
#5 /var/www/portal4/html/app/Controllers/Admin/Students.php(1651): App\Controllers\Admin\Students->handleStudentData()
#6 /var/www/portal4/html/system/CodeIgniter.php(933): App\Controllers\Admin\Students->save_admission()
#7 /var/www/portal4/html/system/CodeIgniter.php(507): CodeIgniter\CodeIgniter->runController()
#8 /var/www/portal4/html/system/CodeIgniter.php(354): CodeIgniter\CodeIgniter->handleRequest()
#9 /var/www/portal4/html/system/Boot.php(334): CodeIgniter\CodeIgniter->run()
#10 /var/www/portal4/html/system/Boot.php(67): CodeIgniter\Boot::runCodeIgniter()
#11 /var/www/portal4/html/public/index.php(59): CodeIgniter\Boot::bootWeb()
#12 {main}
CRITICAL - 2026-04-25 21:18:57 --> CodeIgniter\HTTP\Exceptions\BadRequestException: The URI you submitted has disallowed characters: ".env::$DATA"
[Method: GET, Route: .env::$DATA]
in SYSTEMPATH/Router/Router.php on line 741.
 1 SYSTEMPATH/Router/Router.php(207): CodeIgniter\Router\Router->checkDisallowedChars()
 2 SYSTEMPATH/CodeIgniter.php(832): CodeIgniter\Router\Router->handle()
 3 SYSTEMPATH/CodeIgniter.php(455): CodeIgniter\CodeIgniter->tryToRouteIt()
 4 SYSTEMPATH/CodeIgniter.php(354): CodeIgniter\CodeIgniter->handleRequest()
 5 SYSTEMPATH/Boot.php(334): CodeIgniter\CodeIgniter->run()
 6 SYSTEMPATH/Boot.php(67): CodeIgniter\Boot::runCodeIgniter()
 7 FCPATH/index.php(59): CodeIgniter\Boot::bootWeb()
CRITICAL - 2026-04-25 21:18:57 --> CodeIgniter\HTTP\Exceptions\BadRequestException: The URI you submitted has disallowed characters: ".env;.jpg"
[Method: GET, Route: .env;.jpg]
in SYSTEMPATH/Router/Router.php on line 741.
 1 SYSTEMPATH/Router/Router.php(207): CodeIgniter\Router\Router->checkDisallowedChars()
 2 SYSTEMPATH/CodeIgniter.php(832): CodeIgniter\Router\Router->handle()
 3 SYSTEMPATH/CodeIgniter.php(455): CodeIgniter\CodeIgniter->tryToRouteIt()
 4 SYSTEMPATH/CodeIgniter.php(354): CodeIgniter\CodeIgniter->handleRequest()
 5 SYSTEMPATH/Boot.php(334): CodeIgniter\CodeIgniter->run()
 6 SYSTEMPATH/Boot.php(67): CodeIgniter\Boot::runCodeIgniter()
 7 FCPATH/index.php(59): CodeIgniter\Boot::bootWeb()
CRITICAL - 2026-04-25 21:18:57 --> CodeIgniter\HTTP\Exceptions\BadRequestException: The URI you submitted has disallowed characters: ".env;.css"
[Method: GET, Route: .env;.css]
in SYSTEMPATH/Router/Router.php on line 741.
 1 SYSTEMPATH/Router/Router.php(207): CodeIgniter\Router\Router->checkDisallowedChars()
 2 SYSTEMPATH/CodeIgniter.php(832): CodeIgniter\Router\Router->handle()
 3 SYSTEMPATH/CodeIgniter.php(455): CodeIgniter\CodeIgniter->tryToRouteIt()
 4 SYSTEMPATH/CodeIgniter.php(354): CodeIgniter\CodeIgniter->handleRequest()
 5 SYSTEMPATH/Boot.php(334): CodeIgniter\CodeIgniter->run()
 6 SYSTEMPATH/Boot.php(67): CodeIgniter\Boot::runCodeIgniter()
 7 FCPATH/index.php(59): CodeIgniter\Boot::bootWeb()
CRITICAL - 2026-04-25 21:18:57 --> CodeIgniter\HTTP\Exceptions\BadRequestException: The URI you submitted has disallowed characters: "wp-config.php::$DATA"
[Method: GET, Route: wp-config.php::$DATA]
in SYSTEMPATH/Router/Router.php on line 741.
 1 SYSTEMPATH/Router/Router.php(207): CodeIgniter\Router\Router->checkDisallowedChars()
 2 SYSTEMPATH/CodeIgniter.php(832): CodeIgniter\Router\Router->handle()
 3 SYSTEMPATH/CodeIgniter.php(455): CodeIgniter\CodeIgniter->tryToRouteIt()
 4 SYSTEMPATH/CodeIgniter.php(354): CodeIgniter\CodeIgniter->handleRequest()
 5 SYSTEMPATH/Boot.php(334): CodeIgniter\CodeIgniter->run()
 6 SYSTEMPATH/Boot.php(67): CodeIgniter\Boot::runCodeIgniter()
 7 FCPATH/index.php(59): CodeIgniter\Boot::bootWeb()
CRITICAL - 2026-04-25 21:18:57 --> CodeIgniter\HTTP\Exceptions\BadRequestException: The URI you submitted has disallowed characters: "database.php::$DATA"
[Method: GET, Route: config/database.php::$DATA]
in SYSTEMPATH/Router/Router.php on line 741.
 1 SYSTEMPATH/Router/Router.php(207): CodeIgniter\Router\Router->checkDisallowedChars()
 2 SYSTEMPATH/CodeIgniter.php(832): CodeIgniter\Router\Router->handle()
 3 SYSTEMPATH/CodeIgniter.php(455): CodeIgniter\CodeIgniter->tryToRouteIt()
 4 SYSTEMPATH/CodeIgniter.php(354): CodeIgniter\CodeIgniter->handleRequest()
 5 SYSTEMPATH/Boot.php(334): CodeIgniter\CodeIgniter->run()
 6 SYSTEMPATH/Boot.php(67): CodeIgniter\Boot::runCodeIgniter()
 7 FCPATH/index.php(59): CodeIgniter\Boot::bootWeb()
CRITICAL - 2026-04-25 21:18:58 --> CodeIgniter\HTTP\Exceptions\BadRequestException: The URI you submitted has disallowed characters: "services.php::$DATA"
[Method: GET, Route: config/services.php::$DATA]
in SYSTEMPATH/Router/Router.php on line 741.
 1 SYSTEMPATH/Router/Router.php(207): CodeIgniter\Router\Router->checkDisallowedChars()
 2 SYSTEMPATH/CodeIgniter.php(832): CodeIgniter\Router\Router->handle()
 3 SYSTEMPATH/CodeIgniter.php(455): CodeIgniter\CodeIgniter->tryToRouteIt()
 4 SYSTEMPATH/CodeIgniter.php(354): CodeIgniter\CodeIgniter->handleRequest()
 5 SYSTEMPATH/Boot.php(334): CodeIgniter\CodeIgniter->run()
 6 SYSTEMPATH/Boot.php(67): CodeIgniter\Boot::runCodeIgniter()
 7 FCPATH/index.php(59): CodeIgniter\Boot::bootWeb()
CRITICAL - 2026-04-25 21:50:27 --> CodeIgniter\HTTP\Exceptions\BadRequestException: The URI you submitted has disallowed characters: ".env;.css"
[Method: GET, Route: .env;.css]
in SYSTEMPATH/Router/Router.php on line 741.
 1 SYSTEMPATH/Router/Router.php(207): CodeIgniter\Router\Router->checkDisallowedChars()
 2 SYSTEMPATH/CodeIgniter.php(832): CodeIgniter\Router\Router->handle()
 3 SYSTEMPATH/CodeIgniter.php(455): CodeIgniter\CodeIgniter->tryToRouteIt()
 4 SYSTEMPATH/CodeIgniter.php(354): CodeIgniter\CodeIgniter->handleRequest()
 5 SYSTEMPATH/Boot.php(334): CodeIgniter\CodeIgniter->run()
 6 SYSTEMPATH/Boot.php(67): CodeIgniter\Boot::runCodeIgniter()
 7 FCPATH/index.php(59): CodeIgniter\Boot::bootWeb()
CRITICAL - 2026-04-25 21:50:27 --> CodeIgniter\HTTP\Exceptions\BadRequestException: The URI you submitted has disallowed characters: ".env::$DATA"
[Method: GET, Route: .env::$DATA]
in SYSTEMPATH/Router/Router.php on line 741.
 1 SYSTEMPATH/Router/Router.php(207): CodeIgniter\Router\Router->checkDisallowedChars()
 2 SYSTEMPATH/CodeIgniter.php(832): CodeIgniter\Router\Router->handle()
 3 SYSTEMPATH/CodeIgniter.php(455): CodeIgniter\CodeIgniter->tryToRouteIt()
 4 SYSTEMPATH/CodeIgniter.php(354): CodeIgniter\CodeIgniter->handleRequest()
 5 SYSTEMPATH/Boot.php(334): CodeIgniter\CodeIgniter->run()
 6 SYSTEMPATH/Boot.php(67): CodeIgniter\Boot::runCodeIgniter()
 7 FCPATH/index.php(59): CodeIgniter\Boot::bootWeb()
CRITICAL - 2026-04-25 21:50:27 --> CodeIgniter\HTTP\Exceptions\BadRequestException: The URI you submitted has disallowed characters: ".env;.jpg"
[Method: GET, Route: .env;.jpg]
in SYSTEMPATH/Router/Router.php on line 741.
 1 SYSTEMPATH/Router/Router.php(207): CodeIgniter\Router\Router->checkDisallowedChars()
 2 SYSTEMPATH/CodeIgniter.php(832): CodeIgniter\Router\Router->handle()
 3 SYSTEMPATH/CodeIgniter.php(455): CodeIgniter\CodeIgniter->tryToRouteIt()
 4 SYSTEMPATH/CodeIgniter.php(354): CodeIgniter\CodeIgniter->handleRequest()
 5 SYSTEMPATH/Boot.php(334): CodeIgniter\CodeIgniter->run()
 6 SYSTEMPATH/Boot.php(67): CodeIgniter\Boot::runCodeIgniter()
 7 FCPATH/index.php(59): CodeIgniter\Boot::bootWeb()
